<!DOCTYPE html PUBLIC "-//W3C//DTD XHTML 1.1//EN" "https://www.w3.org/TR/xhtml11/DTD/xhtml11.dtd">
<html xmlns="https://www.w3.org/1999/xhtml">
<head>
<meta http-equiv="content-type" content="text/html; charset=UTF-8"/>
<title>TestNG Report</title>
<style type="text/css">table {margin-bottom:10px;border-collapse:collapse;empty-cells:show}th,td {border:1px solid #009;padding:.25em .5em}th {vertical-align:bottom}td {vertical-align:top}table a {font-weight:bold}.stripe td {background-color: #E6EBF9}.num {text-align:right}.passedodd td {background-color: #3F3}.passedeven td {background-color: #0A0}.skippedodd td {background-color: #DDD}.skippedeven td {background-color: #CCC}.failedodd td,.attn {background-color: #F33}.failedeven td,.stripe .attn {background-color: #D00}.stacktrace {white-space:pre;font-family:monospace}.totop {font-size:85%;text-align:center;border-bottom:2px solid #000}.invisible {display:none}</style>
</head>
<body>
<table>
<tr><th>Test</th><th># Passed</th><th># Skipped</th><th># Retried</th><th># Failed</th><th>Time (ms)</th><th>Included Groups</th><th>Excluded Groups</th></tr>
<tr><th colspan="8">Suite</th></tr>
<tr><td><a href="#t0">Test</a></td><td class="num">56</td><td class="num">0</td><td class="num">0</td><td class="num attn">8</td><td class="num">1,277,253</td><td></td><td></td></tr>
</table>
<table id='summary'><thead><tr><th>Class</th><th>Method</th><th>Start</th><th>Time (ms)</th></tr></thead><tbody><tr><th colspan="4">Suite</th></tr></tbody><tbody id="t0"><tr><th colspan="4">Test &#8212; failed (configuration methods)</th></tr><tr class="failedeven"><td rowspan="1">TestCases.PerformInspection</td><td><a href="#m0">endReport</a></td><td rowspan="1">1695382104798</td><td rowspan="1">0</td></tr><tr><th colspan="4">Test &#8212; failed</th></tr><tr class="failedeven"><td rowspan="8">TestCases.PerformInspection</td><td><a href="#m1">CDP_ValidationMessageForAddCaseNoteField</a></td><td rowspan="1">1695381786666</td><td rowspan="1">93498</td></tr><tr class="failedeven"><td><a href="#m2">CDP_validationMsgForMoreThan5000Characters</a></td><td rowspan="1">1695381880605</td><td rowspan="1">211727</td></tr><tr class="failedeven"><td><a href="#m3">PerformInspection_AddAViolation</a></td><td rowspan="1">1695380909185</td><td rowspan="1">2668</td></tr><tr class="failedeven"><td><a href="#m4">PerformInspection_SelectAnyNotice</a></td><td rowspan="1">1695381158650</td><td rowspan="1">123273</td></tr><tr class="failedeven"><td><a href="#m5">PerformInspection_SelectNoNoticeRequiredCheckbox</a></td><td rowspan="1">1695381343912</td><td rowspan="1">62467</td></tr><tr class="failedeven"><td><a href="#m6">PerformInspection_UpdateNoticeIssueDate</a></td><td rowspan="1">1695381407612</td><td rowspan="1">91933</td></tr><tr class="failedeven"><td><a href="#m7">PerformInspection_VerifyContinueButtonPresenceOnHtmlSelected</a></td><td rowspan="1">1695381530412</td><td rowspan="1">60967</td></tr><tr class="failedeven"><td><a href="#m8">PerformInspection_VerifyFirstNoticeState</a></td><td rowspan="1">1695381059016</td><td rowspan="1">97291</td></tr><tr><th colspan="4">Test &#8212; passed</th></tr><tr class="passedeven"><td rowspan="56">TestCases.PerformInspection</td><td><a href="#m9">CCP_CDP_EditLocation</a></td><td rowspan="1">1695380860889</td><td rowspan="1">44930</td></tr><tr class="passedeven"><td><a href="#m10">CDP_PerformInspection_AddedNoteVerification</a></td><td rowspan="1">1695381779312</td><td rowspan="1">180</td></tr><tr class="passedeven"><td><a href="#m11">CDP_VerifyCaseNoteGetsAdded</a></td><td rowspan="1">1695382092589</td><td rowspan="1">11173</td></tr><tr class="passedeven"><td><a href="#m12">CDP_VerifyOpenAddCaseNotePopup</a></td><td rowspan="1">1695381779515</td><td rowspan="1">287</td></tr><tr class="passedeven"><td><a href="#m13">CDP_VerifyPopopClosesOnclickingCancel</a></td><td rowspan="1">1695381779834</td><td rowspan="1">6784</td></tr><tr class="passedeven"><td><a href="#m14">FollowUpInspection_OpenEditFollowUpInspectionPopup</a></td><td rowspan="1">1695381758152</td><td rowspan="1">1108</td></tr><tr class="passedeven"><td><a href="#m15">FollowUpInspection_OpenFollowUpInspectionInProgressPopup</a></td><td rowspan="1">1695381759874</td><td rowspan="1">4961</td></tr><tr class="passedeven"><td><a href="#m16">FollowUpInspection_PerformFollowUpInspection</a></td><td rowspan="1">1695381767048</td><td rowspan="1">12144</td></tr><tr class="passedeven"><td><a href="#m17">FollowUpInspection_VerifyEditedDetails</a></td><td rowspan="1">1695381759290</td><td rowspan="1">554</td></tr><tr class="passedeven"><td><a href="#m18">FollowUpInspection_VerifyFollowUpInspection2Title</a></td><td rowspan="1">1695381779221</td><td rowspan="1">66</td></tr><tr class="passedeven"><td><a href="#m19">FollowUpInspection_VerifyFollowUpInspectionSubSection</a></td><td rowspan="1">1695381758095</td><td rowspan="1">35</td></tr><tr class="passedeven"><td><a href="#m20">FollowUpInspection_VerifyInspectViolationsHeadersection1</a></td><td rowspan="1">1695381764868</td><td rowspan="1">2150</td></tr><tr class="passedeven"><td><a href="#m21">LoginAgency</a></td><td rowspan="1">1695380830810</td><td rowspan="1">29594</td></tr><tr class="passedeven"><td><a href="#m22">PerformInspection_AddAttachment</a></td><td rowspan="1">1695380927530</td><td rowspan="1">6741</td></tr><tr class="passedeven"><td><a href="#m23">PerformInspection_AddInspectionNote</a></td><td rowspan="1">1695380927150</td><td rowspan="1">323</td></tr><tr class="passedeven"><td><a href="#m24">PerformInspection_AddTextToTextBox</a></td><td rowspan="1">1695381614996</td><td rowspan="1">3755</td></tr><tr class="passedeven"><td><a href="#m25">PerformInspection_CloseCloseCasePopup</a></td><td rowspan="1">1695380922189</td><td rowspan="1">4915</td></tr><tr class="passedeven"><td><a href="#m26">PerformInspection_CloseConfirmationPopup</a></td><td rowspan="1">1695380913930</td><td rowspan="1">6904</td></tr><tr class="passedeven"><td><a href="#m27">PerformInspection_CloseConfirmationPopupForExitButto</a></td><td rowspan="1">1695381603881</td><td rowspan="1">4908</td></tr><tr class="passedeven"><td><a href="#m28">PerformInspection_CloseConfirmationPopupOnCancel</a></td><td rowspan="1">1695381619191</td><td rowspan="1">4873</td></tr><tr class="passedeven"><td><a href="#m29">PerformInspection_CloseGenerateNoticePopup</a></td><td rowspan="1">1695381610089</td><td rowspan="1">4864</td></tr><tr class="passedeven"><td><a href="#m30">PerformInspection_EditVerifyViolationSection</a></td><td rowspan="1">1695380935358</td><td rowspan="1">123597</td></tr><tr class="passedeven"><td><a href="#m31">PerformInspection_EnterCertifiedMailNumber</a></td><td rowspan="1">1695381598082</td><td rowspan="1">352</td></tr><tr class="passedeven"><td><a href="#m32">PerformInspection_ExpandSection2OnContinue</a></td><td rowspan="1">1695380934313</td><td rowspan="1">777</td></tr><tr class="passedeven"><td><a href="#m33">PerformInspection_ExpandSection3</a></td><td rowspan="1">1695381597050</td><td rowspan="1">991</td></tr><tr class="passedeven"><td><a href="#m34">PerformInspection_OpenCloseCasePopup</a></td><td rowspan="1">1695380921307</td><td rowspan="1">546</td></tr><tr class="passedeven"><td><a href="#m35">PerformInspection_OpenConfirmationPopupForCloseCaseButton</a></td><td rowspan="1">1695380913609</td><td rowspan="1">254</td></tr><tr class="passedeven"><td><a href="#m36">PerformInspection_OpenConfirmationPopupForCompleteInspection</a></td><td rowspan="1">1695381618985</td><td rowspan="1">182</td></tr><tr class="passedeven"><td><a href="#m37">PerformInspection_OpenConfirmationPopupOnExitButton</a></td><td rowspan="1">1695381603502</td><td rowspan="1">359</td></tr><tr class="passedeven"><td><a href="#m38">PerformInspection_OpenGenerateNoticepopup</a></td><td rowspan="1">1695381608838</td><td rowspan="1">1225</td></tr><tr class="passedeven"><td><a href="#m39">PerformInspection_OpenVerificationInspectionInProgressPage</a></td><td rowspan="1">1695380906126</td><td rowspan="1">2472</td></tr><tr class="passedeven"><td><a href="#m40">PerformInspection_PreRequisite_Contacts</a></td><td rowspan="1">1695380905937</td><td rowspan="1">101</td></tr><tr class="passedeven"><td><a href="#m41">PerformInspection_SelectAnyToggleButton</a></td><td rowspan="1">1695381618830</td><td rowspan="1">130</td></tr><tr class="passedeven"><td><a href="#m42">PerformInspection_SelectAnyToggleButtonForViolation</a></td><td rowspan="1">1695380912285</td><td rowspan="1">279</td></tr><tr class="passedeven"><td><a href="#m43">PerformInspection_SelectForcedToggleButton</a></td><td rowspan="1">1695380922057</td><td rowspan="1">64</td></tr><tr class="passedeven"><td><a href="#m44">PerformInspection_SelectMultipleContact</a></td><td rowspan="1">1695381602471</td><td rowspan="1">923</td></tr><tr class="passedeven"><td><a href="#m45">PerformInspection_UpdateComplyByDate</a></td><td rowspan="1">1695381593232</td><td rowspan="1">2727</td></tr><tr class="passedeven"><td><a href="#m46">PerformInspection_UpdateFollowUpInspectionDate</a></td><td rowspan="1">1695381595990</td><td rowspan="1">898</td></tr><tr class="passedeven"><td><a href="#m47">PerformInspection_ValidationMessageSection1</a></td><td rowspan="1">1695380908693</td><td rowspan="1">182</td></tr><tr class="passedeven"><td><a href="#m48">PerformInspection_VerifyClosedStatusForViolation</a></td><td rowspan="1">1695380912634</td><td rowspan="1">388</td></tr><tr class="passedeven"><td><a href="#m49">PerformInspection_VerifyContinueButtonPresence</a></td><td rowspan="1">1695380913430</td><td rowspan="1">126</td></tr><tr class="passedeven"><td><a href="#m50">PerformInspection_VerifyIssueNoticeAndCompleteInspectionButton</a></td><td rowspan="1">1695381499954</td><td rowspan="1">30412</td></tr><tr class="passedeven"><td><a href="#m51">PerformInspection_VerifyLoggedInUserToggleButtonState</a></td><td rowspan="1">1695381596918</td><td rowspan="1">88</td></tr><tr class="passedeven"><td><a href="#m52">PerformInspection_VerifyOpenStatusForViolation</a></td><td rowspan="1">1695380913096</td><td rowspan="1">265</td></tr><tr class="passedeven"><td><a href="#m53">PerformInspection_VerifyPrintToggleButtonState</a></td><td rowspan="1">1695381618780</td><td rowspan="1">28</td></tr><tr class="passedeven"><td><a href="#m54">PerformInspection_VerifyRecipientNoLongerMandatory</a></td><td rowspan="1">1695381598589</td><td rowspan="1">3858</td></tr><tr class="passedeven"><td><a href="#m55">PerformInspection_VerifyRecipientSubSectionPresence</a></td><td rowspan="1">1695381598467</td><td rowspan="1">93</td></tr><tr class="passedeven"><td><a href="#m56">PerformInspection_VerifyResponsiblePartySectionPresence</a></td><td rowspan="1">1695381603420</td><td rowspan="1">53</td></tr><tr class="passedeven"><td><a href="#m57">PerformInspection_VerifySection1Label</a></td><td rowspan="1">1695380935146</td><td rowspan="1">154</td></tr><tr class="passedeven"><td><a href="#m58">PerformInspection_VerifySection1Status</a></td><td rowspan="1">1695380908963</td><td rowspan="1">142</td></tr><tr class="passedeven"><td><a href="#m59">PerformInspection_VerifySection2Title</a></td><td rowspan="1">1695380920904</td><td rowspan="1">335</td></tr><tr class="passedeven"><td><a href="#m60">PerformInspection_VerifySection3Title</a></td><td rowspan="1">1695381283275</td><td rowspan="1">60570</td></tr><tr class="passedeven"><td><a href="#m61">PerformInspection_VerifyTheNoticeIssued</a></td><td rowspan="1">1695381624111</td><td rowspan="1">133959</td></tr><tr class="passedeven"><td><a href="#m62">PerformInspection_VerifyVerificationPendingStatusForViolation</a></td><td rowspan="1">1695380912103</td><td rowspan="1">110</td></tr><tr class="passedeven"><td><a href="#m63">PerformInspection_VerifyViolationsUnderReviewOpenViolations</a></td><td rowspan="1">1695381591734</td><td rowspan="1">1471</td></tr><tr class="passedeven"><td><a href="#m64">PerformInspection_VerifyVoluntaryToggleButtonState</a></td><td rowspan="1">1695380921918</td><td rowspan="1">64</td></tr></tbody>
</table>
<h2>Test</h2><h3 id="m0">TestCases.PerformInspection#endReport</h3><table class="result"><tr><th>Exception</th></tr><tr><td><div class="stacktrace">java.lang.NullPointerException: Cannot invoke &quot;com.relevantcodes.extentreports.ExtentReports.flush()&quot; because &quot;BrowsersBase.BrowsersInvoked.extent&quot; is null
	at BrowsersBase.BrowsersInvoked.endReport(BrowsersInvoked.java:252)
... Removed 19 stack frames</div></td></tr></table><p class="totop"><a href="#summary">back to summary</a></p>
<h3 id="m1">TestCases.PerformInspection#CDP_ValidationMessageForAddCaseNoteField</h3><table class="result"><tr><th>Exception</th></tr><tr><td><div class="stacktrace">org.openqa.selenium.TimeoutException: Expected condition failed: waiting for element to be clickable: By.xpath: //label[@title=&apos;Add Case Note&apos;]/../../span (tried for 30 second(s) with 500 milliseconds interval)
Build info: version: &apos;4.11.0&apos;, revision: &apos;040bc5406b&apos;
System info: os.name: &apos;Windows 11&apos;, os.arch: &apos;amd64&apos;, os.version: &apos;10.0&apos;, java.version: &apos;17.0.5&apos;
Driver info: org.openqa.selenium.chrome.ChromeDriver
Capabilities {acceptInsecureCerts: false, browserName: chrome, browserVersion: 115.0.5790.170, chrome: {chromedriverVersion: 115.0.5790.170 (cc0d30c2ca5..., userDataDir: C:\Users\lenovo\AppData\Loc...}, goog:chromeOptions: {debuggerAddress: localhost:58844}, networkConnectionEnabled: false, pageLoadStrategy: none, platformName: windows, proxy: Proxy(), se:cdp: ws://localhost:58844/devtoo..., se:cdpVersion: 115.0.5790.170, setWindowRect: true, strictFileInteractability: false, timeouts: {implicit: 0, pageLoad: 300000, script: 30000}, unhandledPromptBehavior: dismiss and notify, webauthn:extension:credBlob: true, webauthn:extension:largeBlob: true, webauthn:extension:minPinLength: true, webauthn:extension:prf: true, webauthn:virtualAuthenticators: true}
Session ID: 34519603af658fce113f78f5281237a6
	at org.openqa.selenium.support.ui.WebDriverWait.timeoutException(WebDriverWait.java:84)
	at org.openqa.selenium.support.ui.FluentWait.until(FluentWait.java:230)
	at CommonMethods.Helper.GetText(Helper.java:375)
	at POM.PerformInspectionUtility.CDP_ValidationMessageForAddCaseNoteField(PerformInspectionUtility.java:1457)
	at TestCases.PerformInspection.CDP_ValidationMessageForAddCaseNoteField(PerformInspection.java:379)
	at java.base/java.util.concurrent.ThreadPoolExecutor.runWorker(ThreadPoolExecutor.java:1136)
	at java.base/java.util.concurrent.ThreadPoolExecutor$Worker.run(ThreadPoolExecutor.java:635)
	at java.base/java.lang.Thread.run(Thread.java:833)
... Removed 12 stack frames</div></td></tr></table><p class="totop"><a href="#summary">back to summary</a></p>
<h3 id="m2">TestCases.PerformInspection#CDP_validationMsgForMoreThan5000Characters</h3><table class="result"><tr><th>Exception</th></tr><tr><td><div class="stacktrace">org.openqa.selenium.TimeoutException: Expected condition failed: waiting for element to be clickable: By.xpath: //label[@title=&apos;Add Case Note&apos;]/../../span (tried for 30 second(s) with 500 milliseconds interval)
Build info: version: &apos;4.11.0&apos;, revision: &apos;040bc5406b&apos;
System info: os.name: &apos;Windows 11&apos;, os.arch: &apos;amd64&apos;, os.version: &apos;10.0&apos;, java.version: &apos;17.0.5&apos;
Driver info: org.openqa.selenium.chrome.ChromeDriver
Capabilities {acceptInsecureCerts: false, browserName: chrome, browserVersion: 115.0.5790.170, chrome: {chromedriverVersion: 115.0.5790.170 (cc0d30c2ca5..., userDataDir: C:\Users\lenovo\AppData\Loc...}, goog:chromeOptions: {debuggerAddress: localhost:58844}, networkConnectionEnabled: false, pageLoadStrategy: none, platformName: windows, proxy: Proxy(), se:cdp: ws://localhost:58844/devtoo..., se:cdpVersion: 115.0.5790.170, setWindowRect: true, strictFileInteractability: false, timeouts: {implicit: 0, pageLoad: 300000, script: 30000}, unhandledPromptBehavior: dismiss and notify, webauthn:extension:credBlob: true, webauthn:extension:largeBlob: true, webauthn:extension:minPinLength: true, webauthn:extension:prf: true, webauthn:virtualAuthenticators: true}
Session ID: 34519603af658fce113f78f5281237a6
	at org.openqa.selenium.support.ui.WebDriverWait.timeoutException(WebDriverWait.java:84)
	at org.openqa.selenium.support.ui.FluentWait.until(FluentWait.java:230)
	at CommonMethods.Helper.GetText(Helper.java:375)
	at POM.PerformInspectionUtility.CDP_validationMsgForMoreThan5000Characters(PerformInspectionUtility.java:1474)
	at TestCases.PerformInspection.CDP_validationMsgForMoreThan5000Characters(PerformInspection.java:384)
	at java.base/java.util.concurrent.ThreadPoolExecutor.runWorker(ThreadPoolExecutor.java:1136)
	at java.base/java.util.concurrent.ThreadPoolExecutor$Worker.run(ThreadPoolExecutor.java:635)
	at java.base/java.lang.Thread.run(Thread.java:833)
... Removed 12 stack frames</div></td></tr></table><p class="totop"><a href="#summary">back to summary</a></p>
<h3 id="m3">TestCases.PerformInspection#PerformInspection_AddAViolation</h3><table class="result"><tr><th>Exception</th></tr><tr><td><div class="stacktrace">java.lang.AssertionError: The following asserts failed:
	expected [true] but found [false]
	at POM.PerformInspectionUtility.PerformInspection_AddAViolation(PerformInspectionUtility.java:416)
	at TestCases.PerformInspection.PerformInspection_AddAViolation(PerformInspection.java:86)
	at java.base/java.util.concurrent.ThreadPoolExecutor.runWorker(ThreadPoolExecutor.java:1136)
	at java.base/java.util.concurrent.ThreadPoolExecutor$Worker.run(ThreadPoolExecutor.java:635)
	at java.base/java.lang.Thread.run(Thread.java:833)
... Removed 14 stack frames</div></td></tr></table><p class="totop"><a href="#summary">back to summary</a></p>
<h3 id="m4">TestCases.PerformInspection#PerformInspection_SelectAnyNotice</h3><table class="result"><tr><th>Exception</th></tr><tr><td><div class="stacktrace">org.openqa.selenium.NoSuchElementException: no such element: Unable to locate element: {&quot;method&quot;:&quot;xpath&quot;,&quot;selector&quot;:&quot;//div[@class=&apos;notice-list row&apos;]//button[2]&quot;}
  (Session info: chrome=115.0.5790.170)
For documentation on this error, please visit: https://www.selenium.dev/documentation/webdriver/troubleshooting/errors#no-such-element-exception
Build info: version: &apos;4.11.0&apos;, revision: &apos;040bc5406b&apos;
System info: os.name: &apos;Windows 11&apos;, os.arch: &apos;amd64&apos;, os.version: &apos;10.0&apos;, java.version: &apos;17.0.5&apos;
Driver info: org.openqa.selenium.chrome.ChromeDriver
Command: [34519603af658fce113f78f5281237a6, findElement {using=xpath, value=//div[@class=&apos;notice-list row&apos;]//button[2]}]
Capabilities {acceptInsecureCerts: false, browserName: chrome, browserVersion: 115.0.5790.170, chrome: {chromedriverVersion: 115.0.5790.170 (cc0d30c2ca5..., userDataDir: C:\Users\lenovo\AppData\Loc...}, goog:chromeOptions: {debuggerAddress: localhost:58844}, networkConnectionEnabled: false, pageLoadStrategy: none, platformName: windows, proxy: Proxy(), se:cdp: ws://localhost:58844/devtoo..., se:cdpVersion: 115.0.5790.170, setWindowRect: true, strictFileInteractability: false, timeouts: {implicit: 0, pageLoad: 300000, script: 30000}, unhandledPromptBehavior: dismiss and notify, webauthn:extension:credBlob: true, webauthn:extension:largeBlob: true, webauthn:extension:minPinLength: true, webauthn:extension:prf: true, webauthn:virtualAuthenticators: true}
Session ID: 34519603af658fce113f78f5281237a6
	at org.openqa.selenium.remote.codec.w3c.W3CHttpResponseCodec.createException(W3CHttpResponseCodec.java:200)
	at org.openqa.selenium.remote.codec.w3c.W3CHttpResponseCodec.decode(W3CHttpResponseCodec.java:133)
	at org.openqa.selenium.remote.codec.w3c.W3CHttpResponseCodec.decode(W3CHttpResponseCodec.java:52)
	at org.openqa.selenium.remote.HttpCommandExecutor.execute(HttpCommandExecutor.java:191)
	at org.openqa.selenium.remote.service.DriverCommandExecutor.invokeExecute(DriverCommandExecutor.java:196)
	at org.openqa.selenium.remote.service.DriverCommandExecutor.execute(DriverCommandExecutor.java:171)
	at org.openqa.selenium.remote.RemoteWebDriver.execute(RemoteWebDriver.java:518)
	at org.openqa.selenium.remote.ElementLocation$ElementFinder$2.findElement(ElementLocation.java:165)
	at org.openqa.selenium.remote.ElementLocation.findElement(ElementLocation.java:59)
	at org.openqa.selenium.remote.RemoteWebDriver.findElement(RemoteWebDriver.java:355)
	at org.openqa.selenium.remote.RemoteWebDriver.findElement(RemoteWebDriver.java:349)
	at CommonMethods.Helper.ClickByJsExecuter(Helper.java:426)
	at POM.PerformInspectionUtility.PerformInspection_SelectAnyNotice(PerformInspectionUtility.java:716)
	at TestCases.PerformInspection.PerformInspection_SelectAnyNotice(PerformInspection.java:188)
	at java.base/java.util.concurrent.ThreadPoolExecutor.runWorker(ThreadPoolExecutor.java:1136)
	at java.base/java.util.concurrent.ThreadPoolExecutor$Worker.run(ThreadPoolExecutor.java:635)
	at java.base/java.lang.Thread.run(Thread.java:833)
... Removed 16 stack frames</div></td></tr></table><p class="totop"><a href="#summary">back to summary</a></p>
<h3 id="m5">TestCases.PerformInspection#PerformInspection_SelectNoNoticeRequiredCheckbox</h3><table class="result"><tr><th>Exception</th></tr><tr><td><div class="stacktrace">org.openqa.selenium.TimeoutException: Expected condition failed: waiting for visibility of element located by By.xpath: //button[text()=&apos;No Notice&apos;] (tried for 0 second(s) with 500 milliseconds interval)
Build info: version: &apos;4.11.0&apos;, revision: &apos;040bc5406b&apos;
System info: os.name: &apos;Windows 11&apos;, os.arch: &apos;amd64&apos;, os.version: &apos;10.0&apos;, java.version: &apos;17.0.5&apos;
Driver info: driver.version: unknown
	at org.openqa.selenium.support.ui.FluentWait.timeoutException(FluentWait.java:262)
	at org.openqa.selenium.support.ui.FluentWait.until(FluentWait.java:230)
	at CommonMethods.Helper.WaitUntilVisibleWE(Helper.java:302)
	at POM.PerformInspectionUtility.PerformInspection_SelectNoNoticeRequiredCheckbox(PerformInspectionUtility.java:756)
	at TestCases.PerformInspection.PerformInspection_SelectNoNoticeRequiredCheckbox(PerformInspection.java:198)
	at java.base/java.util.concurrent.ThreadPoolExecutor.runWorker(ThreadPoolExecutor.java:1136)
	at java.base/java.util.concurrent.ThreadPoolExecutor$Worker.run(ThreadPoolExecutor.java:635)
	at java.base/java.lang.Thread.run(Thread.java:833)
... Removed 12 stack frames</div></td></tr></table><p class="totop"><a href="#summary">back to summary</a></p>
<h3 id="m6">TestCases.PerformInspection#PerformInspection_UpdateNoticeIssueDate</h3><table class="result"><tr><th>Exception</th></tr><tr><td><div class="stacktrace">org.openqa.selenium.TimeoutException: Expected condition failed: waiting for presence of element located by: By.xpath: //button[text()=&apos;New Notice&apos;] (tried for 30 second(s) with 500 milliseconds interval)
	at org.openqa.selenium.support.ui.WebDriverWait.timeoutException(WebDriverWait.java:84)
	at org.openqa.selenium.support.ui.FluentWait.until(FluentWait.java:230)
	at CommonMethods.Helper.ClickOn(Helper.java:329)
	at POM.PerformInspectionUtility.PerformInspection_UpdateNoticeIssueDate(PerformInspectionUtility.java:770)
	at TestCases.PerformInspection.PerformInspection_UpdateNoticeIssueDate(PerformInspection.java:204)
	at java.base/java.util.concurrent.ThreadPoolExecutor.runWorker(ThreadPoolExecutor.java:1136)
	at java.base/java.util.concurrent.ThreadPoolExecutor$Worker.run(ThreadPoolExecutor.java:635)
	at java.base/java.lang.Thread.run(Thread.java:833)
Caused by: org.openqa.selenium.NoSuchElementException: no such element: Unable to locate element: {&quot;method&quot;:&quot;xpath&quot;,&quot;selector&quot;:&quot;//button[text()=&apos;New Notice&apos;]&quot;}
  (Session info: chrome=115.0.5790.170)
For documentation on this error, please visit: https://www.selenium.dev/documentation/webdriver/troubleshooting/errors#no-such-element-exception
Build info: version: &apos;4.11.0&apos;, revision: &apos;040bc5406b&apos;
System info: os.name: &apos;Windows 11&apos;, os.arch: &apos;amd64&apos;, os.version: &apos;10.0&apos;, java.version: &apos;17.0.5&apos;
Driver info: org.openqa.selenium.chrome.ChromeDriver
Command: [34519603af658fce113f78f5281237a6, findElement {using=xpath, value=//button[text()=&apos;New Notice&apos;]}]
Capabilities {acceptInsecureCerts: false, browserName: chrome, browserVersion: 115.0.5790.170, chrome: {chromedriverVersion: 115.0.5790.170 (cc0d30c2ca5..., userDataDir: C:\Users\lenovo\AppData\Loc...}, goog:chromeOptions: {debuggerAddress: localhost:58844}, networkConnectionEnabled: false, pageLoadStrategy: none, platformName: windows, proxy: Proxy(), se:cdp: ws://localhost:58844/devtoo..., se:cdpVersion: 115.0.5790.170, setWindowRect: true, strictFileInteractability: false, timeouts: {implicit: 0, pageLoad: 300000, script: 30000}, unhandledPromptBehavior: dismiss and notify, webauthn:extension:credBlob: true, webauthn:extension:largeBlob: true, webauthn:extension:minPinLength: true, webauthn:extension:prf: true, webauthn:virtualAuthenticators: true}
Session ID: 34519603af658fce113f78f5281237a6
	at org.openqa.selenium.remote.codec.w3c.W3CHttpResponseCodec.createException(W3CHttpResponseCodec.java:200)
	at org.openqa.selenium.remote.codec.w3c.W3CHttpResponseCodec.decode(W3CHttpResponseCodec.java:133)
	at org.openqa.selenium.remote.codec.w3c.W3CHttpResponseCodec.decode(W3CHttpResponseCodec.java:52)
	at org.openqa.selenium.remote.HttpCommandExecutor.execute(HttpCommandExecutor.java:191)
	at org.openqa.selenium.remote.service.DriverCommandExecutor.invokeExecute(DriverCommandExecutor.java:196)
	at org.openqa.selenium.remote.service.DriverCommandExecutor.execute(DriverCommandExecutor.java:171)
	at org.openqa.selenium.remote.RemoteWebDriver.execute(RemoteWebDriver.java:518)
	at org.openqa.selenium.remote.ElementLocation$ElementFinder$2.findElement(ElementLocation.java:165)
	at org.openqa.selenium.remote.ElementLocation.findElement(ElementLocation.java:59)
	at org.openqa.selenium.remote.RemoteWebDriver.findElement(RemoteWebDriver.java:355)
	at org.openqa.selenium.remote.RemoteWebDriver.findElement(RemoteWebDriver.java:349)
	at org.openqa.selenium.support.ui.ExpectedConditions$6.apply(ExpectedConditions.java:171)
	at org.openqa.selenium.support.ui.ExpectedConditions$6.apply(ExpectedConditions.java:168)
	at org.openqa.selenium.support.ui.FluentWait.until(FluentWait.java:205)
	... 18 more
... Removed 16 stack frames</div></td></tr></table><p class="totop"><a href="#summary">back to summary</a></p>
<h3 id="m7">TestCases.PerformInspection#PerformInspection_VerifyContinueButtonPresenceOnHtmlSelected</h3><table class="result"><tr><th>Exception</th></tr><tr><td><div class="stacktrace">org.openqa.selenium.TimeoutException: Expected condition failed: waiting for presence of any elements located by By.xpath: //div[@class=&apos;notice-list row&apos;]//button (tried for 30 second(s) with 500 milliseconds interval)
Build info: version: &apos;4.11.0&apos;, revision: &apos;040bc5406b&apos;
System info: os.name: &apos;Windows 11&apos;, os.arch: &apos;amd64&apos;, os.version: &apos;10.0&apos;, java.version: &apos;17.0.5&apos;
Driver info: org.openqa.selenium.chrome.ChromeDriver
Capabilities {acceptInsecureCerts: false, browserName: chrome, browserVersion: 115.0.5790.170, chrome: {chromedriverVersion: 115.0.5790.170 (cc0d30c2ca5..., userDataDir: C:\Users\lenovo\AppData\Loc...}, goog:chromeOptions: {debuggerAddress: localhost:58844}, networkConnectionEnabled: false, pageLoadStrategy: none, platformName: windows, proxy: Proxy(), se:cdp: ws://localhost:58844/devtoo..., se:cdpVersion: 115.0.5790.170, setWindowRect: true, strictFileInteractability: false, timeouts: {implicit: 0, pageLoad: 300000, script: 30000}, unhandledPromptBehavior: dismiss and notify, webauthn:extension:credBlob: true, webauthn:extension:largeBlob: true, webauthn:extension:minPinLength: true, webauthn:extension:prf: true, webauthn:virtualAuthenticators: true}
Session ID: 34519603af658fce113f78f5281237a6
	at org.openqa.selenium.support.ui.WebDriverWait.timeoutException(WebDriverWait.java:84)
	at org.openqa.selenium.support.ui.FluentWait.until(FluentWait.java:230)
	at CommonMethods.Helper.WaitUntilVisibleList(Helper.java:324)
	at POM.PerformInspectionUtility.PerformInspection_VerifyContinueButtonPresenceOnHtmlSelected(PerformInspectionUtility.java:814)
	at TestCases.PerformInspection.PerformInspection_VerifyContinueButtonPresenceOnHtmlSelected(PerformInspection.java:215)
	at java.base/java.util.concurrent.ThreadPoolExecutor.runWorker(ThreadPoolExecutor.java:1136)
	at java.base/java.util.concurrent.ThreadPoolExecutor$Worker.run(ThreadPoolExecutor.java:635)
	at java.base/java.lang.Thread.run(Thread.java:833)
... Removed 12 stack frames</div></td></tr></table><p class="totop"><a href="#summary">back to summary</a></p>
<h3 id="m8">TestCases.PerformInspection#PerformInspection_VerifyFirstNoticeState</h3><table class="result"><tr><th>Exception</th></tr><tr><td><div class="stacktrace">org.openqa.selenium.TimeoutException: Expected condition failed: waiting for visibility of element located by By.xpath: (//div[@class=&apos;notice-list row&apos;]//button)[2] (tried for 30 second(s) with 500 milliseconds interval)
Build info: version: &apos;4.11.0&apos;, revision: &apos;040bc5406b&apos;
System info: os.name: &apos;Windows 11&apos;, os.arch: &apos;amd64&apos;, os.version: &apos;10.0&apos;, java.version: &apos;17.0.5&apos;
Driver info: org.openqa.selenium.chrome.ChromeDriver
Capabilities {acceptInsecureCerts: false, browserName: chrome, browserVersion: 115.0.5790.170, chrome: {chromedriverVersion: 115.0.5790.170 (cc0d30c2ca5..., userDataDir: C:\Users\lenovo\AppData\Loc...}, goog:chromeOptions: {debuggerAddress: localhost:58844}, networkConnectionEnabled: false, pageLoadStrategy: none, platformName: windows, proxy: Proxy(), se:cdp: ws://localhost:58844/devtoo..., se:cdpVersion: 115.0.5790.170, setWindowRect: true, strictFileInteractability: false, timeouts: {implicit: 0, pageLoad: 300000, script: 30000}, unhandledPromptBehavior: dismiss and notify, webauthn:extension:credBlob: true, webauthn:extension:largeBlob: true, webauthn:extension:minPinLength: true, webauthn:extension:prf: true, webauthn:virtualAuthenticators: true}
Session ID: 34519603af658fce113f78f5281237a6
	at org.openqa.selenium.support.ui.WebDriverWait.timeoutException(WebDriverWait.java:84)
	at org.openqa.selenium.support.ui.FluentWait.until(FluentWait.java:230)
	at CommonMethods.Helper.findElement(Helper.java:514)
	at POM.PerformInspectionUtility.PerformInspection_VerifyFirstNoticeState(PerformInspectionUtility.java:703)
	at TestCases.PerformInspection.PerformInspection_VerifyFirstNoticeState(PerformInspection.java:183)
	at java.base/java.util.concurrent.ThreadPoolExecutor.runWorker(ThreadPoolExecutor.java:1136)
	at java.base/java.util.concurrent.ThreadPoolExecutor$Worker.run(ThreadPoolExecutor.java:635)
	at java.base/java.lang.Thread.run(Thread.java:833)
... Removed 12 stack frames</div></td></tr></table><p class="totop"><a href="#summary">back to summary</a></p>
<h3 id="m9">TestCases.PerformInspection#CCP_CDP_EditLocation</h3><table class="result"><tr><th class="invisible"/></tr></table><p class="totop"><a href="#summary">back to summary</a></p>
<h3 id="m10">TestCases.PerformInspection#CDP_PerformInspection_AddedNoteVerification</h3><table class="result"><tr><th class="invisible"/></tr></table><p class="totop"><a href="#summary">back to summary</a></p>
<h3 id="m11">TestCases.PerformInspection#CDP_VerifyCaseNoteGetsAdded</h3><table class="result"><tr><th class="invisible"/></tr></table><p class="totop"><a href="#summary">back to summary</a></p>
<h3 id="m12">TestCases.PerformInspection#CDP_VerifyOpenAddCaseNotePopup</h3><table class="result"><tr><th class="invisible"/></tr></table><p class="totop"><a href="#summary">back to summary</a></p>
<h3 id="m13">TestCases.PerformInspection#CDP_VerifyPopopClosesOnclickingCancel</h3><table class="result"><tr><th class="invisible"/></tr></table><p class="totop"><a href="#summary">back to summary</a></p>
<h3 id="m14">TestCases.PerformInspection#FollowUpInspection_OpenEditFollowUpInspectionPopup</h3><table class="result"><tr><th class="invisible"/></tr></table><p class="totop"><a href="#summary">back to summary</a></p>
<h3 id="m15">TestCases.PerformInspection#FollowUpInspection_OpenFollowUpInspectionInProgressPopup</h3><table class="result"><tr><th class="invisible"/></tr></table><p class="totop"><a href="#summary">back to summary</a></p>
<h3 id="m16">TestCases.PerformInspection#FollowUpInspection_PerformFollowUpInspection</h3><table class="result"><tr><th class="invisible"/></tr></table><p class="totop"><a href="#summary">back to summary</a></p>
<h3 id="m17">TestCases.PerformInspection#FollowUpInspection_VerifyEditedDetails</h3><table class="result"><tr><th class="invisible"/></tr></table><p class="totop"><a href="#summary">back to summary</a></p>
<h3 id="m18">TestCases.PerformInspection#FollowUpInspection_VerifyFollowUpInspection2Title</h3><table class="result"><tr><th class="invisible"/></tr></table><p class="totop"><a href="#summary">back to summary</a></p>
<h3 id="m19">TestCases.PerformInspection#FollowUpInspection_VerifyFollowUpInspectionSubSection</h3><table class="result"><tr><th class="invisible"/></tr></table><p class="totop"><a href="#summary">back to summary</a></p>
<h3 id="m20">TestCases.PerformInspection#FollowUpInspection_VerifyInspectViolationsHeadersection1</h3><table class="result"><tr><th class="invisible"/></tr></table><p class="totop"><a href="#summary">back to summary</a></p>
<h3 id="m21">TestCases.PerformInspection#LoginAgency</h3><table class="result"><tr><th class="invisible"/></tr></table><p class="totop"><a href="#summary">back to summary</a></p>
<h3 id="m22">TestCases.PerformInspection#PerformInspection_AddAttachment</h3><table class="result"><tr><th class="invisible"/></tr></table><p class="totop"><a href="#summary">back to summary</a></p>
<h3 id="m23">TestCases.PerformInspection#PerformInspection_AddInspectionNote</h3><table class="result"><tr><th class="invisible"/></tr></table><p class="totop"><a href="#summary">back to summary</a></p>
<h3 id="m24">TestCases.PerformInspection#PerformInspection_AddTextToTextBox</h3><table class="result"><tr><th class="invisible"/></tr></table><p class="totop"><a href="#summary">back to summary</a></p>
<h3 id="m25">TestCases.PerformInspection#PerformInspection_CloseCloseCasePopup</h3><table class="result"><tr><th class="invisible"/></tr></table><p class="totop"><a href="#summary">back to summary</a></p>
<h3 id="m26">TestCases.PerformInspection#PerformInspection_CloseConfirmationPopup</h3><table class="result"><tr><th class="invisible"/></tr></table><p class="totop"><a href="#summary">back to summary</a></p>
<h3 id="m27">TestCases.PerformInspection#PerformInspection_CloseConfirmationPopupForExitButto</h3><table class="result"><tr><th class="invisible"/></tr></table><p class="totop"><a href="#summary">back to summary</a></p>
<h3 id="m28">TestCases.PerformInspection#PerformInspection_CloseConfirmationPopupOnCancel</h3><table class="result"><tr><th class="invisible"/></tr></table><p class="totop"><a href="#summary">back to summary</a></p>
<h3 id="m29">TestCases.PerformInspection#PerformInspection_CloseGenerateNoticePopup</h3><table class="result"><tr><th class="invisible"/></tr></table><p class="totop"><a href="#summary">back to summary</a></p>
<h3 id="m30">TestCases.PerformInspection#PerformInspection_EditVerifyViolationSection</h3><table class="result"><tr><th class="invisible"/></tr></table><p class="totop"><a href="#summary">back to summary</a></p>
<h3 id="m31">TestCases.PerformInspection#PerformInspection_EnterCertifiedMailNumber</h3><table class="result"><tr><th class="invisible"/></tr></table><p class="totop"><a href="#summary">back to summary</a></p>
<h3 id="m32">TestCases.PerformInspection#PerformInspection_ExpandSection2OnContinue</h3><table class="result"><tr><th class="invisible"/></tr></table><p class="totop"><a href="#summary">back to summary</a></p>
<h3 id="m33">TestCases.PerformInspection#PerformInspection_ExpandSection3</h3><table class="result"><tr><th class="invisible"/></tr></table><p class="totop"><a href="#summary">back to summary</a></p>
<h3 id="m34">TestCases.PerformInspection#PerformInspection_OpenCloseCasePopup</h3><table class="result"><tr><th class="invisible"/></tr></table><p class="totop"><a href="#summary">back to summary</a></p>
<h3 id="m35">TestCases.PerformInspection#PerformInspection_OpenConfirmationPopupForCloseCaseButton</h3><table class="result"><tr><th class="invisible"/></tr></table><p class="totop"><a href="#summary">back to summary</a></p>
<h3 id="m36">TestCases.PerformInspection#PerformInspection_OpenConfirmationPopupForCompleteInspection</h3><table class="result"><tr><th class="invisible"/></tr></table><p class="totop"><a href="#summary">back to summary</a></p>
<h3 id="m37">TestCases.PerformInspection#PerformInspection_OpenConfirmationPopupOnExitButton</h3><table class="result"><tr><th class="invisible"/></tr></table><p class="totop"><a href="#summary">back to summary</a></p>
<h3 id="m38">TestCases.PerformInspection#PerformInspection_OpenGenerateNoticepopup</h3><table class="result"><tr><th class="invisible"/></tr></table><p class="totop"><a href="#summary">back to summary</a></p>
<h3 id="m39">TestCases.PerformInspection#PerformInspection_OpenVerificationInspectionInProgressPage</h3><table class="result"><tr><th class="invisible"/></tr></table><p class="totop"><a href="#summary">back to summary</a></p>
<h3 id="m40">TestCases.PerformInspection#PerformInspection_PreRequisite_Contacts</h3><table class="result"><tr><th class="invisible"/></tr></table><p class="totop"><a href="#summary">back to summary</a></p>
<h3 id="m41">TestCases.PerformInspection#PerformInspection_SelectAnyToggleButton</h3><table class="result"><tr><th class="invisible"/></tr></table><p class="totop"><a href="#summary">back to summary</a></p>
<h3 id="m42">TestCases.PerformInspection#PerformInspection_SelectAnyToggleButtonForViolation</h3><table class="result"><tr><th class="invisible"/></tr></table><p class="totop"><a href="#summary">back to summary</a></p>
<h3 id="m43">TestCases.PerformInspection#PerformInspection_SelectForcedToggleButton</h3><table class="result"><tr><th class="invisible"/></tr></table><p class="totop"><a href="#summary">back to summary</a></p>
<h3 id="m44">TestCases.PerformInspection#PerformInspection_SelectMultipleContact</h3><table class="result"><tr><th class="invisible"/></tr></table><p class="totop"><a href="#summary">back to summary</a></p>
<h3 id="m45">TestCases.PerformInspection#PerformInspection_UpdateComplyByDate</h3><table class="result"><tr><th class="invisible"/></tr></table><p class="totop"><a href="#summary">back to summary</a></p>
<h3 id="m46">TestCases.PerformInspection#PerformInspection_UpdateFollowUpInspectionDate</h3><table class="result"><tr><th class="invisible"/></tr></table><p class="totop"><a href="#summary">back to summary</a></p>
<h3 id="m47">TestCases.PerformInspection#PerformInspection_ValidationMessageSection1</h3><table class="result"><tr><th class="invisible"/></tr></table><p class="totop"><a href="#summary">back to summary</a></p>
<h3 id="m48">TestCases.PerformInspection#PerformInspection_VerifyClosedStatusForViolation</h3><table class="result"><tr><th class="invisible"/></tr></table><p class="totop"><a href="#summary">back to summary</a></p>
<h3 id="m49">TestCases.PerformInspection#PerformInspection_VerifyContinueButtonPresence</h3><table class="result"><tr><th class="invisible"/></tr></table><p class="totop"><a href="#summary">back to summary</a></p>
<h3 id="m50">TestCases.PerformInspection#PerformInspection_VerifyIssueNoticeAndCompleteInspectionButton</h3><table class="result"><tr><th class="invisible"/></tr></table><p class="totop"><a href="#summary">back to summary</a></p>
<h3 id="m51">TestCases.PerformInspection#PerformInspection_VerifyLoggedInUserToggleButtonState</h3><table class="result"><tr><th class="invisible"/></tr></table><p class="totop"><a href="#summary">back to summary</a></p>
<h3 id="m52">TestCases.PerformInspection#PerformInspection_VerifyOpenStatusForViolation</h3><table class="result"><tr><th class="invisible"/></tr></table><p class="totop"><a href="#summary">back to summary</a></p>
<h3 id="m53">TestCases.PerformInspection#PerformInspection_VerifyPrintToggleButtonState</h3><table class="result"><tr><th class="invisible"/></tr></table><p class="totop"><a href="#summary">back to summary</a></p>
<h3 id="m54">TestCases.PerformInspection#PerformInspection_VerifyRecipientNoLongerMandatory</h3><table class="result"><tr><th class="invisible"/></tr></table><p class="totop"><a href="#summary">back to summary</a></p>
<h3 id="m55">TestCases.PerformInspection#PerformInspection_VerifyRecipientSubSectionPresence</h3><table class="result"><tr><th class="invisible"/></tr></table><p class="totop"><a href="#summary">back to summary</a></p>
<h3 id="m56">TestCases.PerformInspection#PerformInspection_VerifyResponsiblePartySectionPresence</h3><table class="result"><tr><th class="invisible"/></tr></table><p class="totop"><a href="#summary">back to summary</a></p>
<h3 id="m57">TestCases.PerformInspection#PerformInspection_VerifySection1Label</h3><table class="result"><tr><th class="invisible"/></tr></table><p class="totop"><a href="#summary">back to summary</a></p>
<h3 id="m58">TestCases.PerformInspection#PerformInspection_VerifySection1Status</h3><table class="result"><tr><th class="invisible"/></tr></table><p class="totop"><a href="#summary">back to summary</a></p>
<h3 id="m59">TestCases.PerformInspection#PerformInspection_VerifySection2Title</h3><table class="result"><tr><th class="invisible"/></tr></table><p class="totop"><a href="#summary">back to summary</a></p>
<h3 id="m60">TestCases.PerformInspection#PerformInspection_VerifySection3Title</h3><table class="result"><tr><th class="invisible"/></tr></table><p class="totop"><a href="#summary">back to summary</a></p>
<h3 id="m61">TestCases.PerformInspection#PerformInspection_VerifyTheNoticeIssued</h3><table class="result"><tr><th class="invisible"/></tr></table><p class="totop"><a href="#summary">back to summary</a></p>
<h3 id="m62">TestCases.PerformInspection#PerformInspection_VerifyVerificationPendingStatusForViolation</h3><table class="result"><tr><th class="invisible"/></tr></table><p class="totop"><a href="#summary">back to summary</a></p>
<h3 id="m63">TestCases.PerformInspection#PerformInspection_VerifyViolationsUnderReviewOpenViolations</h3><table class="result"><tr><th class="invisible"/></tr></table><p class="totop"><a href="#summary">back to summary</a></p>
<h3 id="m64">TestCases.PerformInspection#PerformInspection_VerifyVoluntaryToggleButtonState</h3><table class="result"><tr><th class="invisible"/></tr></table><p class="totop"><a href="#summary">back to summary</a></p>
</body>
</html>
