<?xml version="1.0" encoding="UTF-8"?>
<!-- Generated by org.testng.reporters.JUnitXMLReporter -->
<testsuite ignored="0" hostname="DESKTOP-ABJFIHD" failures="8" tests="64" name="Test" time="1277.253" errors="0" timestamp="2023-09-22T16:58:24 IST">
  <testcase classname="TestCases.PerformInspection" name="LoginAgency" time="29.594"/>
  <testcase classname="TestCases.PerformInspection" name="CCP_CDP_EditLocation" time="44.93"/>
  <testcase classname="TestCases.PerformInspection" name="PerformInspection_PreRequisite_Contacts" time="0.101"/>
  <testcase classname="TestCases.PerformInspection" name="PerformInspection_OpenVerificationInspectionInProgressPage" time="2.472"/>
  <testcase classname="TestCases.PerformInspection" name="PerformInspection_ValidationMessageSection1" time="0.182"/>
  <testcase classname="TestCases.PerformInspection" name="PerformInspection_VerifySection1Status" time="0.142"/>
  <testcase classname="TestCases.PerformInspection" name="PerformInspection_AddAViolation" time="2.668">
    <failure type="java.lang.AssertionError" message="The following asserts failed:
	expected [true] but found [false]">
      <![CDATA[java.lang.AssertionError: The following asserts failed:
expected [true] but found [false]
at POM.PerformInspectionUtility.PerformInspection_AddAViolation(PerformInspectionUtility.java:416)
at TestCases.PerformInspection.PerformInspection_AddAViolation(PerformInspection.java:86)
at java.base/java.util.concurrent.ThreadPoolExecutor.runWorker(ThreadPoolExecutor.java:1136)
at java.base/java.util.concurrent.ThreadPoolExecutor$Worker.run(ThreadPoolExecutor.java:635)
at java.base/java.lang.Thread.run(Thread.java:833)
... Removed 14 stack frames]]>
    </failure>
  </testcase> <!-- PerformInspection_AddAViolation -->
  <testcase classname="TestCases.PerformInspection" name="PerformInspection_VerifyVerificationPendingStatusForViolation" time="0.11"/>
  <testcase classname="TestCases.PerformInspection" name="PerformInspection_SelectAnyToggleButtonForViolation" time="0.279"/>
  <testcase classname="TestCases.PerformInspection" name="PerformInspection_VerifyClosedStatusForViolation" time="0.388"/>
  <testcase classname="TestCases.PerformInspection" name="PerformInspection_VerifyOpenStatusForViolation" time="0.265"/>
  <testcase classname="TestCases.PerformInspection" name="PerformInspection_VerifyContinueButtonPresence" time="0.126"/>
  <testcase classname="TestCases.PerformInspection" name="PerformInspection_OpenConfirmationPopupForCloseCaseButton" time="0.254"/>
  <testcase classname="TestCases.PerformInspection" name="PerformInspection_CloseConfirmationPopup" time="6.904"/>
  <testcase classname="TestCases.PerformInspection" name="PerformInspection_VerifySection2Title" time="0.335"/>
  <testcase classname="TestCases.PerformInspection" name="PerformInspection_OpenCloseCasePopup" time="0.546"/>
  <testcase classname="TestCases.PerformInspection" name="PerformInspection_VerifyVoluntaryToggleButtonState" time="0.064"/>
  <testcase classname="TestCases.PerformInspection" name="PerformInspection_SelectForcedToggleButton" time="0.064"/>
  <testcase classname="TestCases.PerformInspection" name="PerformInspection_CloseCloseCasePopup" time="4.915"/>
  <testcase classname="TestCases.PerformInspection" name="PerformInspection_AddInspectionNote" time="0.323"/>
  <testcase classname="TestCases.PerformInspection" name="PerformInspection_AddAttachment" time="6.741"/>
  <testcase classname="TestCases.PerformInspection" name="PerformInspection_ExpandSection2OnContinue" time="0.777"/>
  <testcase classname="TestCases.PerformInspection" name="PerformInspection_VerifySection1Label" time="0.154"/>
  <testcase classname="TestCases.PerformInspection" name="PerformInspection_EditVerifyViolationSection" time="123.597"/>
  <testcase classname="TestCases.PerformInspection" name="PerformInspection_VerifyFirstNoticeState" time="97.291">
    <failure type="org.openqa.selenium.TimeoutException" message="Expected condition failed: waiting for visibility of element located by By.xpath: (//div[@class=&amp;apos;notice-list row&amp;apos;]//button)[2] (tried for 30 second(s) with 500 milliseconds interval)
Build info: version: &amp;apos;4.11.0&amp;apos;, revision: &amp;apos;040bc5406b&amp;apos;
System info: os.name: &amp;apos;Windows 11&amp;apos;, os.arch: &amp;apos;amd64&amp;apos;, os.version: &amp;apos;10.0&amp;apos;, java.version: &amp;apos;17.0.5&amp;apos;
Driver info: org.openqa.selenium.chrome.ChromeDriver
Capabilities {acceptInsecureCerts: false, browserName: chrome, browserVersion: 115.0.5790.170, chrome: {chromedriverVersion: 115.0.5790.170 (cc0d30c2ca5..., userDataDir: C:\Users\lenovo\AppData\Loc...}, goog:chromeOptions: {debuggerAddress: localhost:58844}, networkConnectionEnabled: false, pageLoadStrategy: none, platformName: windows, proxy: Proxy(), se:cdp: ws://localhost:58844/devtoo..., se:cdpVersion: 115.0.5790.170, setWindowRect: true, strictFileInteractability: false, timeouts: {implicit: 0, pageLoad: 300000, script: 30000}, unhandledPromptBehavior: dismiss and notify, webauthn:extension:credBlob: true, webauthn:extension:largeBlob: true, webauthn:extension:minPinLength: true, webauthn:extension:prf: true, webauthn:virtualAuthenticators: true}
Session ID: 34519603af658fce113f78f5281237a6">
      <![CDATA[org.openqa.selenium.TimeoutException: Expected condition failed: waiting for visibility of element located by By.xpath: (//div[@class='notice-list row']//button)[2] (tried for 30 second(s) with 500 milliseconds interval)
Build info: version: '4.11.0', revision: '040bc5406b'
System info: os.name: 'Windows 11', os.arch: 'amd64', os.version: '10.0', java.version: '17.0.5'
Driver info: org.openqa.selenium.chrome.ChromeDriver
Capabilities {acceptInsecureCerts: false, browserName: chrome, browserVersion: 115.0.5790.170, chrome: {chromedriverVersion: 115.0.5790.170 (cc0d30c2ca5..., userDataDir: C:\Users\lenovo\AppData\Loc...}, goog:chromeOptions: {debuggerAddress: localhost:58844}, networkConnectionEnabled: false, pageLoadStrategy: none, platformName: windows, proxy: Proxy(), se:cdp: ws://localhost:58844/devtoo..., se:cdpVersion: 115.0.5790.170, setWindowRect: true, strictFileInteractability: false, timeouts: {implicit: 0, pageLoad: 300000, script: 30000}, unhandledPromptBehavior: dismiss and notify, webauthn:extension:credBlob: true, webauthn:extension:largeBlob: true, webauthn:extension:minPinLength: true, webauthn:extension:prf: true, webauthn:virtualAuthenticators: true}
Session ID: 34519603af658fce113f78f5281237a6
at org.openqa.selenium.support.ui.WebDriverWait.timeoutException(WebDriverWait.java:84)
at org.openqa.selenium.support.ui.FluentWait.until(FluentWait.java:230)
at CommonMethods.Helper.findElement(Helper.java:514)
at POM.PerformInspectionUtility.PerformInspection_VerifyFirstNoticeState(PerformInspectionUtility.java:703)
at TestCases.PerformInspection.PerformInspection_VerifyFirstNoticeState(PerformInspection.java:183)
at java.base/java.util.concurrent.ThreadPoolExecutor.runWorker(ThreadPoolExecutor.java:1136)
at java.base/java.util.concurrent.ThreadPoolExecutor$Worker.run(ThreadPoolExecutor.java:635)
at java.base/java.lang.Thread.run(Thread.java:833)
... Removed 12 stack frames]]>
    </failure>
  </testcase> <!-- PerformInspection_VerifyFirstNoticeState -->
  <testcase classname="TestCases.PerformInspection" name="PerformInspection_SelectAnyNotice" time="123.273">
    <failure type="org.openqa.selenium.NoSuchElementException" message="no such element: Unable to locate element: {&amp;quot;method&amp;quot;:&amp;quot;xpath&amp;quot;,&amp;quot;selector&amp;quot;:&amp;quot;//div[@class=&amp;apos;notice-list row&amp;apos;]//button[2]&amp;quot;}
  (Session info: chrome=115.0.5790.170)
For documentation on this error, please visit: https://www.selenium.dev/documentation/webdriver/troubleshooting/errors#no-such-element-exception
Build info: version: &amp;apos;4.11.0&amp;apos;, revision: &amp;apos;040bc5406b&amp;apos;
System info: os.name: &amp;apos;Windows 11&amp;apos;, os.arch: &amp;apos;amd64&amp;apos;, os.version: &amp;apos;10.0&amp;apos;, java.version: &amp;apos;17.0.5&amp;apos;
Driver info: org.openqa.selenium.chrome.ChromeDriver
Command: [34519603af658fce113f78f5281237a6, findElement {using=xpath, value=//div[@class=&amp;apos;notice-list row&amp;apos;]//button[2]}]
Capabilities {acceptInsecureCerts: false, browserName: chrome, browserVersion: 115.0.5790.170, chrome: {chromedriverVersion: 115.0.5790.170 (cc0d30c2ca5..., userDataDir: C:\Users\lenovo\AppData\Loc...}, goog:chromeOptions: {debuggerAddress: localhost:58844}, networkConnectionEnabled: false, pageLoadStrategy: none, platformName: windows, proxy: Proxy(), se:cdp: ws://localhost:58844/devtoo..., se:cdpVersion: 115.0.5790.170, setWindowRect: true, strictFileInteractability: false, timeouts: {implicit: 0, pageLoad: 300000, script: 30000}, unhandledPromptBehavior: dismiss and notify, webauthn:extension:credBlob: true, webauthn:extension:largeBlob: true, webauthn:extension:minPinLength: true, webauthn:extension:prf: true, webauthn:virtualAuthenticators: true}
Session ID: 34519603af658fce113f78f5281237a6">
      <![CDATA[org.openqa.selenium.NoSuchElementException: no such element: Unable to locate element: {"method":"xpath","selector":"//div[@class='notice-list row']//button[2]"}
  (Session info: chrome=115.0.5790.170)
For documentation on this error, please visit: https://www.selenium.dev/documentation/webdriver/troubleshooting/errors#no-such-element-exception
Build info: version: '4.11.0', revision: '040bc5406b'
System info: os.name: 'Windows 11', os.arch: 'amd64', os.version: '10.0', java.version: '17.0.5'
Driver info: org.openqa.selenium.chrome.ChromeDriver
Command: [34519603af658fce113f78f5281237a6, findElement {using=xpath, value=//div[@class='notice-list row']//button[2]}]
Capabilities {acceptInsecureCerts: false, browserName: chrome, browserVersion: 115.0.5790.170, chrome: {chromedriverVersion: 115.0.5790.170 (cc0d30c2ca5..., userDataDir: C:\Users\lenovo\AppData\Loc...}, goog:chromeOptions: {debuggerAddress: localhost:58844}, networkConnectionEnabled: false, pageLoadStrategy: none, platformName: windows, proxy: Proxy(), se:cdp: ws://localhost:58844/devtoo..., se:cdpVersion: 115.0.5790.170, setWindowRect: true, strictFileInteractability: false, timeouts: {implicit: 0, pageLoad: 300000, script: 30000}, unhandledPromptBehavior: dismiss and notify, webauthn:extension:credBlob: true, webauthn:extension:largeBlob: true, webauthn:extension:minPinLength: true, webauthn:extension:prf: true, webauthn:virtualAuthenticators: true}
Session ID: 34519603af658fce113f78f5281237a6
at org.openqa.selenium.remote.codec.w3c.W3CHttpResponseCodec.createException(W3CHttpResponseCodec.java:200)
at org.openqa.selenium.remote.codec.w3c.W3CHttpResponseCodec.decode(W3CHttpResponseCodec.java:133)
at org.openqa.selenium.remote.codec.w3c.W3CHttpResponseCodec.decode(W3CHttpResponseCodec.java:52)
at org.openqa.selenium.remote.HttpCommandExecutor.execute(HttpCommandExecutor.java:191)
at org.openqa.selenium.remote.service.DriverCommandExecutor.invokeExecute(DriverCommandExecutor.java:196)
at org.openqa.selenium.remote.service.DriverCommandExecutor.execute(DriverCommandExecutor.java:171)
at org.openqa.selenium.remote.RemoteWebDriver.execute(RemoteWebDriver.java:518)
at org.openqa.selenium.remote.ElementLocation$ElementFinder$2.findElement(ElementLocation.java:165)
at org.openqa.selenium.remote.ElementLocation.findElement(ElementLocation.java:59)
at org.openqa.selenium.remote.RemoteWebDriver.findElement(RemoteWebDriver.java:355)
at org.openqa.selenium.remote.RemoteWebDriver.findElement(RemoteWebDriver.java:349)
at CommonMethods.Helper.ClickByJsExecuter(Helper.java:426)
at POM.PerformInspectionUtility.PerformInspection_SelectAnyNotice(PerformInspectionUtility.java:716)
at TestCases.PerformInspection.PerformInspection_SelectAnyNotice(PerformInspection.java:188)
at java.base/java.util.concurrent.ThreadPoolExecutor.runWorker(ThreadPoolExecutor.java:1136)
at java.base/java.util.concurrent.ThreadPoolExecutor$Worker.run(ThreadPoolExecutor.java:635)
at java.base/java.lang.Thread.run(Thread.java:833)
... Removed 16 stack frames]]>
    </failure>
  </testcase> <!-- PerformInspection_SelectAnyNotice -->
  <testcase classname="TestCases.PerformInspection" name="PerformInspection_VerifySection3Title" time="60.57"/>
  <testcase classname="TestCases.PerformInspection" name="PerformInspection_SelectNoNoticeRequiredCheckbox" time="62.467">
    <failure type="org.openqa.selenium.TimeoutException" message="Expected condition failed: waiting for visibility of element located by By.xpath: //button[text()=&amp;apos;No Notice&amp;apos;] (tried for 0 second(s) with 500 milliseconds interval)
Build info: version: &amp;apos;4.11.0&amp;apos;, revision: &amp;apos;040bc5406b&amp;apos;
System info: os.name: &amp;apos;Windows 11&amp;apos;, os.arch: &amp;apos;amd64&amp;apos;, os.version: &amp;apos;10.0&amp;apos;, java.version: &amp;apos;17.0.5&amp;apos;
Driver info: driver.version: unknown">
      <![CDATA[org.openqa.selenium.TimeoutException: Expected condition failed: waiting for visibility of element located by By.xpath: //button[text()='No Notice'] (tried for 0 second(s) with 500 milliseconds interval)
Build info: version: '4.11.0', revision: '040bc5406b'
System info: os.name: 'Windows 11', os.arch: 'amd64', os.version: '10.0', java.version: '17.0.5'
Driver info: driver.version: unknown
at org.openqa.selenium.support.ui.FluentWait.timeoutException(FluentWait.java:262)
at org.openqa.selenium.support.ui.FluentWait.until(FluentWait.java:230)
at CommonMethods.Helper.WaitUntilVisibleWE(Helper.java:302)
at POM.PerformInspectionUtility.PerformInspection_SelectNoNoticeRequiredCheckbox(PerformInspectionUtility.java:756)
at TestCases.PerformInspection.PerformInspection_SelectNoNoticeRequiredCheckbox(PerformInspection.java:198)
at java.base/java.util.concurrent.ThreadPoolExecutor.runWorker(ThreadPoolExecutor.java:1136)
at java.base/java.util.concurrent.ThreadPoolExecutor$Worker.run(ThreadPoolExecutor.java:635)
at java.base/java.lang.Thread.run(Thread.java:833)
... Removed 12 stack frames]]>
    </failure>
  </testcase> <!-- PerformInspection_SelectNoNoticeRequiredCheckbox -->
  <testcase classname="TestCases.PerformInspection" name="PerformInspection_UpdateNoticeIssueDate" time="91.933">
    <failure type="org.openqa.selenium.TimeoutException" message="Expected condition failed: waiting for presence of element located by: By.xpath: //button[text()=&amp;apos;New Notice&amp;apos;] (tried for 30 second(s) with 500 milliseconds interval)">
      <![CDATA[org.openqa.selenium.TimeoutException: Expected condition failed: waiting for presence of element located by: By.xpath: //button[text()='New Notice'] (tried for 30 second(s) with 500 milliseconds interval)
at org.openqa.selenium.support.ui.WebDriverWait.timeoutException(WebDriverWait.java:84)
at org.openqa.selenium.support.ui.FluentWait.until(FluentWait.java:230)
at CommonMethods.Helper.ClickOn(Helper.java:329)
at POM.PerformInspectionUtility.PerformInspection_UpdateNoticeIssueDate(PerformInspectionUtility.java:770)
at TestCases.PerformInspection.PerformInspection_UpdateNoticeIssueDate(PerformInspection.java:204)
at java.base/java.util.concurrent.ThreadPoolExecutor.runWorker(ThreadPoolExecutor.java:1136)
at java.base/java.util.concurrent.ThreadPoolExecutor$Worker.run(ThreadPoolExecutor.java:635)
at java.base/java.lang.Thread.run(Thread.java:833)
Caused by: org.openqa.selenium.NoSuchElementException: no such element: Unable to locate element: {"method":"xpath","selector":"//button[text()='New Notice']"}
  (Session info: chrome=115.0.5790.170)
For documentation on this error, please visit: https://www.selenium.dev/documentation/webdriver/troubleshooting/errors#no-such-element-exception
Build info: version: '4.11.0', revision: '040bc5406b'
System info: os.name: 'Windows 11', os.arch: 'amd64', os.version: '10.0', java.version: '17.0.5'
Driver info: org.openqa.selenium.chrome.ChromeDriver
Command: [34519603af658fce113f78f5281237a6, findElement {using=xpath, value=//button[text()='New Notice']}]
Capabilities {acceptInsecureCerts: false, browserName: chrome, browserVersion: 115.0.5790.170, chrome: {chromedriverVersion: 115.0.5790.170 (cc0d30c2ca5..., userDataDir: C:\Users\lenovo\AppData\Loc...}, goog:chromeOptions: {debuggerAddress: localhost:58844}, networkConnectionEnabled: false, pageLoadStrategy: none, platformName: windows, proxy: Proxy(), se:cdp: ws://localhost:58844/devtoo..., se:cdpVersion: 115.0.5790.170, setWindowRect: true, strictFileInteractability: false, timeouts: {implicit: 0, pageLoad: 300000, script: 30000}, unhandledPromptBehavior: dismiss and notify, webauthn:extension:credBlob: true, webauthn:extension:largeBlob: true, webauthn:extension:minPinLength: true, webauthn:extension:prf: true, webauthn:virtualAuthenticators: true}
Session ID: 34519603af658fce113f78f5281237a6
at org.openqa.selenium.remote.codec.w3c.W3CHttpResponseCodec.createException(W3CHttpResponseCodec.java:200)
at org.openqa.selenium.remote.codec.w3c.W3CHttpResponseCodec.decode(W3CHttpResponseCodec.java:133)
at org.openqa.selenium.remote.codec.w3c.W3CHttpResponseCodec.decode(W3CHttpResponseCodec.java:52)
at org.openqa.selenium.remote.HttpCommandExecutor.execute(HttpCommandExecutor.java:191)
at org.openqa.selenium.remote.service.DriverCommandExecutor.invokeExecute(DriverCommandExecutor.java:196)
at org.openqa.selenium.remote.service.DriverCommandExecutor.execute(DriverCommandExecutor.java:171)
at org.openqa.selenium.remote.RemoteWebDriver.execute(RemoteWebDriver.java:518)
at org.openqa.selenium.remote.ElementLocation$ElementFinder$2.findElement(ElementLocation.java:165)
at org.openqa.selenium.remote.ElementLocation.findElement(ElementLocation.java:59)
at org.openqa.selenium.remote.RemoteWebDriver.findElement(RemoteWebDriver.java:355)
at org.openqa.selenium.remote.RemoteWebDriver.findElement(RemoteWebDriver.java:349)
at org.openqa.selenium.support.ui.ExpectedConditions$6.apply(ExpectedConditions.java:171)
at org.openqa.selenium.support.ui.ExpectedConditions$6.apply(ExpectedConditions.java:168)
at org.openqa.selenium.support.ui.FluentWait.until(FluentWait.java:205)
... 18 more
... Removed 16 stack frames]]>
    </failure>
  </testcase> <!-- PerformInspection_UpdateNoticeIssueDate -->
  <testcase classname="TestCases.PerformInspection" name="PerformInspection_VerifyIssueNoticeAndCompleteInspectionButton" time="30.412"/>
  <testcase classname="TestCases.PerformInspection" name="PerformInspection_VerifyContinueButtonPresenceOnHtmlSelected" time="60.967">
    <failure type="org.openqa.selenium.TimeoutException" message="Expected condition failed: waiting for presence of any elements located by By.xpath: //div[@class=&amp;apos;notice-list row&amp;apos;]//button (tried for 30 second(s) with 500 milliseconds interval)
Build info: version: &amp;apos;4.11.0&amp;apos;, revision: &amp;apos;040bc5406b&amp;apos;
System info: os.name: &amp;apos;Windows 11&amp;apos;, os.arch: &amp;apos;amd64&amp;apos;, os.version: &amp;apos;10.0&amp;apos;, java.version: &amp;apos;17.0.5&amp;apos;
Driver info: org.openqa.selenium.chrome.ChromeDriver
Capabilities {acceptInsecureCerts: false, browserName: chrome, browserVersion: 115.0.5790.170, chrome: {chromedriverVersion: 115.0.5790.170 (cc0d30c2ca5..., userDataDir: C:\Users\lenovo\AppData\Loc...}, goog:chromeOptions: {debuggerAddress: localhost:58844}, networkConnectionEnabled: false, pageLoadStrategy: none, platformName: windows, proxy: Proxy(), se:cdp: ws://localhost:58844/devtoo..., se:cdpVersion: 115.0.5790.170, setWindowRect: true, strictFileInteractability: false, timeouts: {implicit: 0, pageLoad: 300000, script: 30000}, unhandledPromptBehavior: dismiss and notify, webauthn:extension:credBlob: true, webauthn:extension:largeBlob: true, webauthn:extension:minPinLength: true, webauthn:extension:prf: true, webauthn:virtualAuthenticators: true}
Session ID: 34519603af658fce113f78f5281237a6">
      <![CDATA[org.openqa.selenium.TimeoutException: Expected condition failed: waiting for presence of any elements located by By.xpath: //div[@class='notice-list row']//button (tried for 30 second(s) with 500 milliseconds interval)
Build info: version: '4.11.0', revision: '040bc5406b'
System info: os.name: 'Windows 11', os.arch: 'amd64', os.version: '10.0', java.version: '17.0.5'
Driver info: org.openqa.selenium.chrome.ChromeDriver
Capabilities {acceptInsecureCerts: false, browserName: chrome, browserVersion: 115.0.5790.170, chrome: {chromedriverVersion: 115.0.5790.170 (cc0d30c2ca5..., userDataDir: C:\Users\lenovo\AppData\Loc...}, goog:chromeOptions: {debuggerAddress: localhost:58844}, networkConnectionEnabled: false, pageLoadStrategy: none, platformName: windows, proxy: Proxy(), se:cdp: ws://localhost:58844/devtoo..., se:cdpVersion: 115.0.5790.170, setWindowRect: true, strictFileInteractability: false, timeouts: {implicit: 0, pageLoad: 300000, script: 30000}, unhandledPromptBehavior: dismiss and notify, webauthn:extension:credBlob: true, webauthn:extension:largeBlob: true, webauthn:extension:minPinLength: true, webauthn:extension:prf: true, webauthn:virtualAuthenticators: true}
Session ID: 34519603af658fce113f78f5281237a6
at org.openqa.selenium.support.ui.WebDriverWait.timeoutException(WebDriverWait.java:84)
at org.openqa.selenium.support.ui.FluentWait.until(FluentWait.java:230)
at CommonMethods.Helper.WaitUntilVisibleList(Helper.java:324)
at POM.PerformInspectionUtility.PerformInspection_VerifyContinueButtonPresenceOnHtmlSelected(PerformInspectionUtility.java:814)
at TestCases.PerformInspection.PerformInspection_VerifyContinueButtonPresenceOnHtmlSelected(PerformInspection.java:215)
at java.base/java.util.concurrent.ThreadPoolExecutor.runWorker(ThreadPoolExecutor.java:1136)
at java.base/java.util.concurrent.ThreadPoolExecutor$Worker.run(ThreadPoolExecutor.java:635)
at java.base/java.lang.Thread.run(Thread.java:833)
... Removed 12 stack frames]]>
    </failure>
  </testcase> <!-- PerformInspection_VerifyContinueButtonPresenceOnHtmlSelected -->
  <testcase classname="TestCases.PerformInspection" name="PerformInspection_VerifyViolationsUnderReviewOpenViolations" time="1.471"/>
  <testcase classname="TestCases.PerformInspection" name="PerformInspection_UpdateComplyByDate" time="2.727"/>
  <testcase classname="TestCases.PerformInspection" name="PerformInspection_UpdateFollowUpInspectionDate" time="0.898"/>
  <testcase classname="TestCases.PerformInspection" name="PerformInspection_VerifyLoggedInUserToggleButtonState" time="0.088"/>
  <testcase classname="TestCases.PerformInspection" name="PerformInspection_ExpandSection3" time="0.991"/>
  <testcase classname="TestCases.PerformInspection" name="PerformInspection_EnterCertifiedMailNumber" time="0.352"/>
  <testcase classname="TestCases.PerformInspection" name="PerformInspection_VerifyRecipientSubSectionPresence" time="0.093"/>
  <testcase classname="TestCases.PerformInspection" name="PerformInspection_VerifyRecipientNoLongerMandatory" time="3.858"/>
  <testcase classname="TestCases.PerformInspection" name="PerformInspection_SelectMultipleContact" time="0.923"/>
  <testcase classname="TestCases.PerformInspection" name="PerformInspection_VerifyResponsiblePartySectionPresence" time="0.053"/>
  <testcase classname="TestCases.PerformInspection" name="PerformInspection_OpenConfirmationPopupOnExitButton" time="0.359"/>
  <testcase classname="TestCases.PerformInspection" name="PerformInspection_CloseConfirmationPopupForExitButto" time="4.908"/>
  <testcase classname="TestCases.PerformInspection" name="PerformInspection_OpenGenerateNoticepopup" time="1.225"/>
  <testcase classname="TestCases.PerformInspection" name="PerformInspection_CloseGenerateNoticePopup" time="4.864"/>
  <testcase classname="TestCases.PerformInspection" name="PerformInspection_AddTextToTextBox" time="3.755"/>
  <testcase classname="TestCases.PerformInspection" name="PerformInspection_VerifyPrintToggleButtonState" time="0.028"/>
  <testcase classname="TestCases.PerformInspection" name="PerformInspection_SelectAnyToggleButton" time="0.13"/>
  <testcase classname="TestCases.PerformInspection" name="PerformInspection_OpenConfirmationPopupForCompleteInspection" time="0.182"/>
  <testcase classname="TestCases.PerformInspection" name="PerformInspection_CloseConfirmationPopupOnCancel" time="4.873"/>
  <testcase classname="TestCases.PerformInspection" name="PerformInspection_VerifyTheNoticeIssued" time="133.959"/>
  <testcase classname="TestCases.PerformInspection" name="FollowUpInspection_VerifyFollowUpInspectionSubSection" time="0.035"/>
  <testcase classname="TestCases.PerformInspection" name="FollowUpInspection_OpenEditFollowUpInspectionPopup" time="1.108"/>
  <testcase classname="TestCases.PerformInspection" name="FollowUpInspection_VerifyEditedDetails" time="0.554"/>
  <testcase classname="TestCases.PerformInspection" name="FollowUpInspection_OpenFollowUpInspectionInProgressPopup" time="4.961"/>
  <testcase classname="TestCases.PerformInspection" name="FollowUpInspection_VerifyInspectViolationsHeadersection1" time="2.15"/>
  <testcase classname="TestCases.PerformInspection" name="FollowUpInspection_PerformFollowUpInspection" time="12.144"/>
  <testcase classname="TestCases.PerformInspection" name="FollowUpInspection_VerifyFollowUpInspection2Title" time="0.066"/>
  <testcase classname="TestCases.PerformInspection" name="CDP_PerformInspection_AddedNoteVerification" time="0.18"/>
  <testcase classname="TestCases.PerformInspection" name="CDP_VerifyOpenAddCaseNotePopup" time="0.287"/>
  <testcase classname="TestCases.PerformInspection" name="CDP_VerifyPopopClosesOnclickingCancel" time="6.784"/>
  <testcase classname="TestCases.PerformInspection" name="CDP_ValidationMessageForAddCaseNoteField" time="93.498">
    <failure type="org.openqa.selenium.TimeoutException" message="Expected condition failed: waiting for element to be clickable: By.xpath: //label[@title=&amp;apos;Add Case Note&amp;apos;]/../../span (tried for 30 second(s) with 500 milliseconds interval)
Build info: version: &amp;apos;4.11.0&amp;apos;, revision: &amp;apos;040bc5406b&amp;apos;
System info: os.name: &amp;apos;Windows 11&amp;apos;, os.arch: &amp;apos;amd64&amp;apos;, os.version: &amp;apos;10.0&amp;apos;, java.version: &amp;apos;17.0.5&amp;apos;
Driver info: org.openqa.selenium.chrome.ChromeDriver
Capabilities {acceptInsecureCerts: false, browserName: chrome, browserVersion: 115.0.5790.170, chrome: {chromedriverVersion: 115.0.5790.170 (cc0d30c2ca5..., userDataDir: C:\Users\lenovo\AppData\Loc...}, goog:chromeOptions: {debuggerAddress: localhost:58844}, networkConnectionEnabled: false, pageLoadStrategy: none, platformName: windows, proxy: Proxy(), se:cdp: ws://localhost:58844/devtoo..., se:cdpVersion: 115.0.5790.170, setWindowRect: true, strictFileInteractability: false, timeouts: {implicit: 0, pageLoad: 300000, script: 30000}, unhandledPromptBehavior: dismiss and notify, webauthn:extension:credBlob: true, webauthn:extension:largeBlob: true, webauthn:extension:minPinLength: true, webauthn:extension:prf: true, webauthn:virtualAuthenticators: true}
Session ID: 34519603af658fce113f78f5281237a6">
      <![CDATA[org.openqa.selenium.TimeoutException: Expected condition failed: waiting for element to be clickable: By.xpath: //label[@title='Add Case Note']/../../span (tried for 30 second(s) with 500 milliseconds interval)
Build info: version: '4.11.0', revision: '040bc5406b'
System info: os.name: 'Windows 11', os.arch: 'amd64', os.version: '10.0', java.version: '17.0.5'
Driver info: org.openqa.selenium.chrome.ChromeDriver
Capabilities {acceptInsecureCerts: false, browserName: chrome, browserVersion: 115.0.5790.170, chrome: {chromedriverVersion: 115.0.5790.170 (cc0d30c2ca5..., userDataDir: C:\Users\lenovo\AppData\Loc...}, goog:chromeOptions: {debuggerAddress: localhost:58844}, networkConnectionEnabled: false, pageLoadStrategy: none, platformName: windows, proxy: Proxy(), se:cdp: ws://localhost:58844/devtoo..., se:cdpVersion: 115.0.5790.170, setWindowRect: true, strictFileInteractability: false, timeouts: {implicit: 0, pageLoad: 300000, script: 30000}, unhandledPromptBehavior: dismiss and notify, webauthn:extension:credBlob: true, webauthn:extension:largeBlob: true, webauthn:extension:minPinLength: true, webauthn:extension:prf: true, webauthn:virtualAuthenticators: true}
Session ID: 34519603af658fce113f78f5281237a6
at org.openqa.selenium.support.ui.WebDriverWait.timeoutException(WebDriverWait.java:84)
at org.openqa.selenium.support.ui.FluentWait.until(FluentWait.java:230)
at CommonMethods.Helper.GetText(Helper.java:375)
at POM.PerformInspectionUtility.CDP_ValidationMessageForAddCaseNoteField(PerformInspectionUtility.java:1457)
at TestCases.PerformInspection.CDP_ValidationMessageForAddCaseNoteField(PerformInspection.java:379)
at java.base/java.util.concurrent.ThreadPoolExecutor.runWorker(ThreadPoolExecutor.java:1136)
at java.base/java.util.concurrent.ThreadPoolExecutor$Worker.run(ThreadPoolExecutor.java:635)
at java.base/java.lang.Thread.run(Thread.java:833)
... Removed 12 stack frames]]>
    </failure>
  </testcase> <!-- CDP_ValidationMessageForAddCaseNoteField -->
  <testcase classname="TestCases.PerformInspection" name="CDP_validationMsgForMoreThan5000Characters" time="211.727">
    <failure type="org.openqa.selenium.TimeoutException" message="Expected condition failed: waiting for element to be clickable: By.xpath: //label[@title=&amp;apos;Add Case Note&amp;apos;]/../../span (tried for 30 second(s) with 500 milliseconds interval)
Build info: version: &amp;apos;4.11.0&amp;apos;, revision: &amp;apos;040bc5406b&amp;apos;
System info: os.name: &amp;apos;Windows 11&amp;apos;, os.arch: &amp;apos;amd64&amp;apos;, os.version: &amp;apos;10.0&amp;apos;, java.version: &amp;apos;17.0.5&amp;apos;
Driver info: org.openqa.selenium.chrome.ChromeDriver
Capabilities {acceptInsecureCerts: false, browserName: chrome, browserVersion: 115.0.5790.170, chrome: {chromedriverVersion: 115.0.5790.170 (cc0d30c2ca5..., userDataDir: C:\Users\lenovo\AppData\Loc...}, goog:chromeOptions: {debuggerAddress: localhost:58844}, networkConnectionEnabled: false, pageLoadStrategy: none, platformName: windows, proxy: Proxy(), se:cdp: ws://localhost:58844/devtoo..., se:cdpVersion: 115.0.5790.170, setWindowRect: true, strictFileInteractability: false, timeouts: {implicit: 0, pageLoad: 300000, script: 30000}, unhandledPromptBehavior: dismiss and notify, webauthn:extension:credBlob: true, webauthn:extension:largeBlob: true, webauthn:extension:minPinLength: true, webauthn:extension:prf: true, webauthn:virtualAuthenticators: true}
Session ID: 34519603af658fce113f78f5281237a6">
      <![CDATA[org.openqa.selenium.TimeoutException: Expected condition failed: waiting for element to be clickable: By.xpath: //label[@title='Add Case Note']/../../span (tried for 30 second(s) with 500 milliseconds interval)
Build info: version: '4.11.0', revision: '040bc5406b'
System info: os.name: 'Windows 11', os.arch: 'amd64', os.version: '10.0', java.version: '17.0.5'
Driver info: org.openqa.selenium.chrome.ChromeDriver
Capabilities {acceptInsecureCerts: false, browserName: chrome, browserVersion: 115.0.5790.170, chrome: {chromedriverVersion: 115.0.5790.170 (cc0d30c2ca5..., userDataDir: C:\Users\lenovo\AppData\Loc...}, goog:chromeOptions: {debuggerAddress: localhost:58844}, networkConnectionEnabled: false, pageLoadStrategy: none, platformName: windows, proxy: Proxy(), se:cdp: ws://localhost:58844/devtoo..., se:cdpVersion: 115.0.5790.170, setWindowRect: true, strictFileInteractability: false, timeouts: {implicit: 0, pageLoad: 300000, script: 30000}, unhandledPromptBehavior: dismiss and notify, webauthn:extension:credBlob: true, webauthn:extension:largeBlob: true, webauthn:extension:minPinLength: true, webauthn:extension:prf: true, webauthn:virtualAuthenticators: true}
Session ID: 34519603af658fce113f78f5281237a6
at org.openqa.selenium.support.ui.WebDriverWait.timeoutException(WebDriverWait.java:84)
at org.openqa.selenium.support.ui.FluentWait.until(FluentWait.java:230)
at CommonMethods.Helper.GetText(Helper.java:375)
at POM.PerformInspectionUtility.CDP_validationMsgForMoreThan5000Characters(PerformInspectionUtility.java:1474)
at TestCases.PerformInspection.CDP_validationMsgForMoreThan5000Characters(PerformInspection.java:384)
at java.base/java.util.concurrent.ThreadPoolExecutor.runWorker(ThreadPoolExecutor.java:1136)
at java.base/java.util.concurrent.ThreadPoolExecutor$Worker.run(ThreadPoolExecutor.java:635)
at java.base/java.lang.Thread.run(Thread.java:833)
... Removed 12 stack frames]]>
    </failure>
  </testcase> <!-- CDP_validationMsgForMoreThan5000Characters -->
  <testcase classname="TestCases.PerformInspection" name="CDP_VerifyCaseNoteGetsAdded" time="11.173"/>
</testsuite> <!-- Test -->
