<?xml version="1.0" encoding="UTF-8"?>
<!-- Generated by org.testng.reporters.JUnitReportReporter -->
<testsuite hostname="DESKTOP-ABJFIHD" failures="0" tests="16" name="TestCases.DashBoard" time="152.368" errors="1" timestamp="2023-09-22T12:15:10 IST" skipped="0">
  <testcase classname="TestCases.DashBoard" name="LoginTest" time="24.430"/>
  <system-out/>
  <testcase classname="TestCases.DashBoard" name="TC_Dashboard_ViewAllStaffDashboard" time="5.067"/>
  <system-out/>
  <testcase classname="TestCases.DashBoard" name="TC_Dashboard_ViewMeDashboard" time="0.546"/>
  <system-out/>
  <testcase classname="TestCases.DashBoard" name="TC_Dashboard_OpenCasesAssignedToMeLink" time="3.410"/>
  <system-out/>
  <testcase classname="TestCases.DashBoard" name="TC_Dashboard_OpenCasesForMyAgencyLink" time="1.188"/>
  <system-out/>
  <testcase classname="TestCases.DashBoard" name="TC_Dashboard_OverdueInspectionsLink" time="2.629"/>
  <system-out/>
  <testcase classname="TestCases.DashBoard" name="TC_Dashboard_InspectionsDueTodayLink" time="3.005"/>
  <system-out/>
  <testcase classname="TestCases.DashBoard" name="TC_Dashboard_TotalInspectionsLink" time="2.795"/>
  <system-out/>
  <testcase classname="TestCases.DashBoard" name="TC_Dashboard_AllStaff_OpenCasesForMyAgency" time="5.610"/>
  <system-out/>
  <testcase classname="TestCases.DashBoard" name="TC_Dashboard_TotalcasesForMyAgencyLink" time="2.747"/>
  <system-out/>
  <testcase classname="TestCases.DashBoard" name="TC_Dashboard_AllStaff_OverdueInspections" time="2.869"/>
  <system-out/>
  <testcase classname="TestCases.DashBoard" name="TC_Dashboard_AllStaff_InspectionsDueToday" time="2.678"/>
  <system-out/>
  <testcase classname="TestCases.DashBoard" name="TC_Dashboard_AllStaff_TotalInspectionsLink" time="2.163"/>
  <system-out/>
  <testcase classname="TestCases.DashBoard" name="TC_Dashboard_OpenTotalInspectionPopup" time="2.429"/>
  <system-out/>
  <testcase classname="TestCases.DashBoard" name="TC_Dashboard_CompareCountOfCasesWithCLP" time="2.609"/>
  <system-out/>
  <testcase classname="TestCases.DashBoard" name="TC_Dashboard_OpenPrintQueuePopup" time="88.193">
    <error message="Expected condition failed: waiting for visibility of element located by By.xpath: //div[@class=&#039;modal-header&#039; and text()=&#039;Print Queue&#039;] (tried for 0 second(s) with 500 milliseconds interval)
Build info: version: &#039;4.11.0&#039;, revision: &#039;040bc5406b&#039;
System info: os.name: &#039;Windows 11&#039;, os.arch: &#039;amd64&#039;, os.version: &#039;10.0&#039;, java.version: &#039;17.0.5&#039;
Driver info: driver.version: unknown" type="org.openqa.selenium.TimeoutException">
      <![CDATA[org.openqa.selenium.TimeoutException: Expected condition failed: waiting for visibility of element located by By.xpath: //div[@class='modal-header' and text()='Print Queue'] (tried for 0 second(s) with 500 milliseconds interval)
Build info: version: '4.11.0', revision: '040bc5406b'
System info: os.name: 'Windows 11', os.arch: 'amd64', os.version: '10.0', java.version: '17.0.5'
Driver info: driver.version: unknown
at org.openqa.selenium.support.ui.FluentWait.timeoutException(FluentWait.java:262)
at org.openqa.selenium.support.ui.FluentWait.until(FluentWait.java:230)
at CommonMethods.Helper.WaitUntilVisibleWE(Helper.java:302)
at POM.DashBoardUtility.TC_Dashboard_OpenPrintQueuePopup(DashBoardUtility.java:498)
at TestCases.DashBoard.TC_Dashboard_OpenPrintQueuePopup(DashBoard.java:154)
at java.base/jdk.internal.reflect.NativeMethodAccessorImpl.invoke0(Native Method)
at java.base/jdk.internal.reflect.NativeMethodAccessorImpl.invoke(NativeMethodAccessorImpl.java:77)
at java.base/jdk.internal.reflect.DelegatingMethodAccessorImpl.invoke(DelegatingMethodAccessorImpl.java:43)
at java.base/java.lang.reflect.Method.invoke(Method.java:568)
at org.testng.internal.invokers.MethodInvocationHelper.invokeMethod(MethodInvocationHelper.java:135)
at org.testng.internal.invokers.TestInvoker.invokeMethod(TestInvoker.java:673)
at org.testng.internal.invokers.TestInvoker.invokeTestMethod(TestInvoker.java:220)
at org.testng.internal.invokers.MethodRunner.runInSequence(MethodRunner.java:50)
at org.testng.internal.invokers.TestInvoker$MethodInvocationAgent.invoke(TestInvoker.java:945)
at org.testng.internal.invokers.TestInvoker.invokeTestMethods(TestInvoker.java:193)
at org.testng.internal.invokers.TestMethodWorker.invokeTestMethods(TestMethodWorker.java:146)
at org.testng.internal.invokers.TestMethodWorker.run(TestMethodWorker.java:128)
at java.base/java.util.concurrent.ThreadPoolExecutor.runWorker(ThreadPoolExecutor.java:1136)
at java.base/java.util.concurrent.ThreadPoolExecutor$Worker.run(ThreadPoolExecutor.java:635)
at java.base/java.lang.Thread.run(Thread.java:833)
]]>
    </error>
  </testcase> <!-- TC_Dashboard_OpenPrintQueuePopup -->
  <system-out/>
</testsuite> <!-- TestCases.DashBoard -->
